<?xml version="1.0" encoding="UTF-8"?>
<!-- Generated by org.testng.reporters.JUnitReportReporter -->
<testsuite hostname="LAPTOP-JCG7M6C4" failures="0" tests="2" name="co.qa.tests.GetAPITest" time="1.243" errors="0" timestamp="2020-08-05T14:56:14 IST" skipped="0">
  <testcase classname="co.qa.tests.GetAPITest" name="getAPITestWithoutHeader" time="0.946"/>
  <system-out/>
  <testcase classname="co.qa.tests.GetAPITest" name="getAPITestWithHeaders" time="0.297"/>
  <system-out/>
</testsuite> <!-- co.qa.tests.GetAPITest -->
