<?xml version="1.0" encoding="UTF-8"?>
<!-- Generated by org.testng.reporters.JUnitReportReporter -->
<testsuite hostname="LAPTOP-JCG7M6C4" failures="0" tests="1" name="co.qa.tests.PostAPITest" time="1.596" errors="0" timestamp="2020-08-06T14:26:55 IST" skipped="0">
  <testcase classname="co.qa.tests.PostAPITest" name="PostAPITest" time="1.596"/>
  <system-out/>
</testsuite> <!-- co.qa.tests.PostAPITest -->
